====block====debug:write_log port:5001
id:0
timestamp:0.0
nonce:0
prev_hash:0
information.data:this is genesis block
           .pos_trust:[100, 100]
           .pos:1
           .pos_mine:random
source:0.0.0.0 0
=============
hash:ea45870a17a2ad9bec1c3c2e045c6226c1c3c73a4719cceca5a2dccdbe2114a1
=============
====block====debug:write_log port:5001
id:1
timestamp:1665747372.73
nonce:1065923
prev_hash:ea45870a17a2ad9bec1c3c2e045c6226c1c3c73a4719cceca5a2dccdbe2114a1
information.data:test 20000001 port 5000
           .pos_trust:[100, 100]
           .pos:1
           .pos_mine:172.20.10.14 5001
source:172.20.10.13 5000
=============
hash:00000f81ac22cccd63f08e78959c5f343cabb948a858ec9e08ab3afddd0a0445
=============
====block====debug:write_log port:5001
id:2
timestamp:1665747380.69
nonce:172371
prev_hash:00000f81ac22cccd63f08e78959c5f343cabb948a858ec9e08ab3afddd0a0445
information.data:test 20000002 port 5001
           .pos_trust:[100, 100]
           .pos:1
           .pos_mine:172.20.10.14 5001
source:172.20.10.14 5001
=============
hash:00000e7751fb79b678ab7d6b78c783e23f378463d61801222c6eded0bbd973ba
=============
====block====debug:write_log port:5001
id:3
timestamp:1665747388.07
nonce:885684
prev_hash:00000e7751fb79b678ab7d6b78c783e23f378463d61801222c6eded0bbd973ba
information.data:test 20000004 port 5000
           .pos_trust:[100, 100]
           .pos:1
           .pos_mine:172.20.10.14 5001
source:172.20.10.13 5000
=============
hash:0000040c96478a4f40a09f84197cc921eacc6aba521ec14ebcffc1d717ee95a8
=============
====block====debug:write_log port:5001
id:4
timestamp:1665747393.18
nonce:666579
prev_hash:0000040c96478a4f40a09f84197cc921eacc6aba521ec14ebcffc1d717ee95a8
information.data:test 20000005 port 5000
           .pos_trust:[100, 100]
           .pos:1
           .pos_mine:172.20.10.14 5001
source:172.20.10.13 5000
=============
hash:00000366f0b0b4a84eff97fa12b3710256146c232f882fb3ae750968651fe53e
=============
====block====debug:write_log port:5001
id:5
timestamp:1665747394.95
nonce:787970
prev_hash:00000366f0b0b4a84eff97fa12b3710256146c232f882fb3ae750968651fe53e
information.data:test 20000004 port 5001
           .pos_trust:[100, 100]
           .pos:1
           .pos_mine:172.20.10.14 5001
source:172.20.10.14 5001
=============
hash:000006ddce85f1f4368de6d5039775b01588532b43f526219422d1a303a307c6
=============
====block====debug:write_log port:5001
id:6
timestamp:1665747409.29
nonce:29660
prev_hash:000006ddce85f1f4368de6d5039775b01588532b43f526219422d1a303a307c6
information.data:test 20000006 port 5001
           .pos_trust:[100, 100]
           .pos:1
           .pos_mine:172.20.10.14 5001
source:172.20.10.14 5001
=============
hash:0000027ab454520cd1b69ef61640a9e5e7cca75e7ec3168b579cc41152844721
=============
====block====debug:write_log port:5001
id:7
timestamp:1665747416.38
nonce:549935
prev_hash:0000027ab454520cd1b69ef61640a9e5e7cca75e7ec3168b579cc41152844721
information.data:test 20000007 port 5001
           .pos_trust:[100, 100]
           .pos:1
           .pos_mine:172.20.10.14 5001
source:172.20.10.14 5001
=============
hash:00000ca2cd101922a2f6f7fa488a7453894df6ac60c44f998febac731c59901f
=============
====block====debug:write_log port:5001
id:8
timestamp:1665747423.41
nonce:489168
prev_hash:00000ca2cd101922a2f6f7fa488a7453894df6ac60c44f998febac731c59901f
information.data:test 20000008 port 5001
           .pos_trust:[100, 100]
           .pos:1
           .pos_mine:172.20.10.14 5001
source:172.20.10.14 5001
=============
hash:000000f4c000103bb1374597f9a2b46edb6c28bb3b4bfd90ec6891ad49806135
=============
====block====debug:write_log port:5001
id:9
timestamp:1665747424.0
nonce:862497
prev_hash:000000f4c000103bb1374597f9a2b46edb6c28bb3b4bfd90ec6891ad49806135
information.data:test 20000011 port 5000
           .pos_trust:[100, 100]
           .pos:1
           .pos_mine:172.20.10.14 5001
source:172.20.10.13 5000
=============
hash:00000f9feea25473a6b1cfbcbb024a5ad9beea6498e6ba9f74afb8779867936e
=============
====block====debug:write_log port:5001
id:10
timestamp:1665747429.11
nonce:678325
prev_hash:00000f9feea25473a6b1cfbcbb024a5ad9beea6498e6ba9f74afb8779867936e
information.data:test 20000012 port 5000
           .pos_trust:[100, 100]
           .pos:1
           .pos_mine:172.20.10.14 5001
source:172.20.10.13 5000
=============
hash:00000638135c2962242a9b0c6a62f1baa4a71d92f3950de52eb0b577854f36a8
=============
====block====debug:write_log port:5001
id:11
timestamp:1665747437.6
nonce:941768
prev_hash:00000638135c2962242a9b0c6a62f1baa4a71d92f3950de52eb0b577854f36a8
information.data:test 20000010 port 5001
           .pos_trust:[100, 100]
           .pos:1
           .pos_mine:172.20.10.14 5001
source:172.20.10.14 5001
=============
hash:000002986c87d8dd0db506b2089feb6ec9c38d00d51e5e8603699f6815f81f10
=============
====block====debug:write_log port:5001
id:12
timestamp:1665747439.37
nonce:377126
prev_hash:000002986c87d8dd0db506b2089feb6ec9c38d00d51e5e8603699f6815f81f10
information.data:test 20000014 port 5000
           .pos_trust:[100, 100]
           .pos:1
           .pos_mine:172.20.10.14 5001
source:172.20.10.13 5000
=============
hash:000007ed7e9c918d37387b3442097ab8e2867899bc509f8dd8007445c70108a2
=============
====block====debug:write_log port:5001
id:13
timestamp:1665747444.72
nonce:71648
prev_hash:000007ed7e9c918d37387b3442097ab8e2867899bc509f8dd8007445c70108a2
information.data:test 20000011 port 5001
           .pos_trust:[100, 100]
           .pos:1
           .pos_mine:172.20.10.14 5001
source:172.20.10.14 5001
=============
hash:000004a1f703692981a5aa32b5aa9c1555b987900f29ab0e6ec5177483b91f7b
=============
====block====debug:write_log port:5001
id:14
timestamp:1665747449.68
nonce:659685
prev_hash:000004a1f703692981a5aa32b5aa9c1555b987900f29ab0e6ec5177483b91f7b
information.data:test 20000016 port 5000
           .pos_trust:[100, 100]
           .pos:1
           .pos_mine:172.20.10.14 5001
source:172.20.10.13 5000
=============
hash:000004e604ea285bbb76514c3884fb5f997f38a68224948310a794d440383b2a
=============
====block====debug:write_log port:5001
id:15
timestamp:1665747451.75
nonce:640660
prev_hash:000004e604ea285bbb76514c3884fb5f997f38a68224948310a794d440383b2a
information.data:test 20000012 port 5001
           .pos_trust:[100, 100]
           .pos:1
           .pos_mine:172.20.10.14 5001
source:172.20.10.14 5001
=============
hash:0000033308abbda97dad2a64a169163228b87dc9964feda65cf6cb25c7af9a96
=============
====block====debug:write_log port:5001
id:16
timestamp:1665747458.9
nonce:29834
prev_hash:0000033308abbda97dad2a64a169163228b87dc9964feda65cf6cb25c7af9a96
information.data:test 20000013 port 5001
           .pos_trust:[100, 100]
           .pos:1
           .pos_mine:172.20.10.14 5001
source:172.20.10.14 5001
=============
hash:000001f1fc667b81e62978e03410d37bbcb56997c61c53a263f5e07dd72becd1
=============
====block====debug:write_log port:5001
id:17
timestamp:1665747459.83
nonce:527670
prev_hash:000001f1fc667b81e62978e03410d37bbcb56997c61c53a263f5e07dd72becd1
information.data:test 20000018 port 5000
           .pos_trust:[100, 100]
           .pos:1
           .pos_mine:172.20.10.14 5001
source:172.20.10.13 5000
=============
hash:0000092a6ff2ca8679b79e3d981b8f6f4bfa5f9a5a8efb2e604f54e4a32978dc
=============
====block====debug:write_log port:5001
id:18
timestamp:1665747465.95
nonce:1150945
prev_hash:0000092a6ff2ca8679b79e3d981b8f6f4bfa5f9a5a8efb2e604f54e4a32978dc
information.data:test 20000014 port 5001
           .pos_trust:[100, 111]
           .pos:1
           .pos_mine:172.20.10.14 5001
source:172.20.10.14 5001
=============
hash:0000062c8508e12be33aaf175c8a35bd62e010bd2669e659acfcb2776ca69f82
=============
====block====debug:write_log port:5001
id:19
timestamp:1665747470.07
nonce:291909
prev_hash:0000062c8508e12be33aaf175c8a35bd62e010bd2669e659acfcb2776ca69f82
information.data:test 20000020 port 5000
           .pos_trust:[113, 111]
           .pos:1
           .pos_mine:172.20.10.14 5001
source:172.20.10.13 5000
=============
hash:000006f206d2887b08a3e8dceef5e93a48acaab3876a7e3c1373525990a47f99
=============
====block====debug:write_log port:5001
id:20
timestamp:1665747472.99
nonce:27492
prev_hash:000006f206d2887b08a3e8dceef5e93a48acaab3876a7e3c1373525990a47f99
information.data:test 20000015 port 5001
           .pos_trust:[100, 111]
           .pos:1
           .pos_mine:172.20.10.14 5001
source:172.20.10.14 5001
=============
hash:0000054622fed02931301664a87618960fbec737950507098b65e3f5dd7762f9
=============
====block====debug:write_log port:5001
id:21
timestamp:1665747485.36
nonce:136601
prev_hash:0000054622fed02931301664a87618960fbec737950507098b65e3f5dd7762f9
information.data:test 20000023 port 5000
           .pos_trust:[124, 124]
           .pos:1
           .pos_mine:172.20.10.14 5001
source:172.20.10.13 5000
=============
hash:00000e6db7db0ed73bc0ee32fddba4223044f7db75fd5169ab75db3deed27620
=============
====block====debug:write_log port:5001
id:22
timestamp:1665747487.27
nonce:39395
prev_hash:00000e6db7db0ed73bc0ee32fddba4223044f7db75fd5169ab75db3deed27620
information.data:test 20000017 port 5001
           .pos_trust:[100, 122]
           .pos:1
           .pos_mine:172.20.10.14 5001
source:172.20.10.14 5001
=============
hash:000005bb482d7c4b58c53be0e17860c54c1ec98f82335a453af64442f43458d8
=============
====block====debug:write_log port:5001
id:23
timestamp:1665747490.4
nonce:127014
prev_hash:000005bb482d7c4b58c53be0e17860c54c1ec98f82335a453af64442f43458d8
information.data:test 20000024 port 5000
           .pos_trust:[124, 124]
           .pos:1
           .pos_mine:172.20.10.14 5001
source:172.20.10.13 5000
=============
hash:0000003f7f7ce7f98fb4ea966889077716fa91c1a6e85ad1e63c30bc0c458258
=============
====block====debug:write_log port:5001
id:24
timestamp:1665747495.56
nonce:1572991
prev_hash:0000003f7f7ce7f98fb4ea966889077716fa91c1a6e85ad1e63c30bc0c458258
information.data:test 20000025 port 5000
           .pos_trust:[124, 124]
           .pos:1
           .pos_mine:172.20.10.14 5001
source:172.20.10.13 5000
=============
hash:00000ddd437a83942f5a29fb34f367ab253c65f4318dd4314488f5fb83f1fa78
=============
====block====debug:write_log port:5001
id:25
timestamp:1665747500.6
nonce:1216554
prev_hash:00000ddd437a83942f5a29fb34f367ab253c65f4318dd4314488f5fb83f1fa78
information.data:test 20000026 port 5000
           .pos_trust:[124, 124]
           .pos:1
           .pos_mine:172.20.10.14 5001
source:172.20.10.13 5000
=============
hash:00000194eccacda16119f2db40aa2d0bb6d2d65065a6675db48de7983e6d159d
=============
====block====debug:write_log port:5001
id:26
timestamp:1665747505.71
nonce:157201
prev_hash:00000194eccacda16119f2db40aa2d0bb6d2d65065a6675db48de7983e6d159d
information.data:test 20000027 port 5000
           .pos_trust:[124, 124]
           .pos:1
           .pos_mine:172.20.10.14 5001
source:172.20.10.13 5000
=============
hash:00000e8d12906a1bdbda0a05ce22df1452a10993282851bd591eb30222f90663
=============
====block====debug:write_log port:5001
id:27
timestamp:1665747508.6
nonce:1973327
prev_hash:00000e8d12906a1bdbda0a05ce22df1452a10993282851bd591eb30222f90663
information.data:test 20000020 port 5001
           .pos_trust:[100, 122]
           .pos:1
           .pos_mine:172.20.10.14 5001
source:172.20.10.14 5001
=============
hash:00000d76f9acb4ea95359caac97b5ed0a54e3b2bbcda5230f4f74d38c19caeb6
=============
====block====debug:write_log port:5001
id:28
timestamp:1665747515.69
nonce:74392
prev_hash:00000d76f9acb4ea95359caac97b5ed0a54e3b2bbcda5230f4f74d38c19caeb6
information.data:test 20000021 port 5001
           .pos_trust:[100, 122]
           .pos:1
           .pos_mine:172.20.10.14 5001
source:172.20.10.14 5001
=============
hash:000008d47537f5d7f65f2362b77452b69b8920370fd0b4e66892c04a5f404020
=============
====block====debug:write_log port:5001
id:29
timestamp:1665747515.89
nonce:210254
prev_hash:000008d47537f5d7f65f2362b77452b69b8920370fd0b4e66892c04a5f404020
information.data:test 20000029 port 5000
           .pos_trust:[124, 124]
           .pos:1
           .pos_mine:172.20.10.14 5001
source:172.20.10.13 5000
=============
hash:000009cac18edd3cb6114e8e7e0096694f0691b3ae7daac4236def9d7f824ef9
=============
====block====debug:write_log port:5001
id:30
timestamp:1665747522.96
nonce:663291
prev_hash:000009cac18edd3cb6114e8e7e0096694f0691b3ae7daac4236def9d7f824ef9
information.data:test 20000022 port 5001
           .pos_trust:[100, 122]
           .pos:1
           .pos_mine:172.20.10.14 5001
source:172.20.10.14 5001
=============
hash:00000f76c20f7f7b2ffd17deac0e9ffd20a692d525f6dd2db1fa1be4a6cea5fe
=============
====block====debug:write_log port:5001
id:31
timestamp:1665747526.11
nonce:1833289
prev_hash:00000f76c20f7f7b2ffd17deac0e9ffd20a692d525f6dd2db1fa1be4a6cea5fe
information.data:test 20000031 port 5000
           .pos_trust:[124, 124]
           .pos:1
           .pos_mine:172.20.10.14 5001
source:172.20.10.13 5000
=============
hash:00000a7af17efa8d8008c9185a1216a13dcb439bb072b408addf1cf442cdb60a
=============
====block====debug:write_log port:5001
id:32
timestamp:1665747530.1
nonce:172291
prev_hash:00000a7af17efa8d8008c9185a1216a13dcb439bb072b408addf1cf442cdb60a
information.data:test 20000023 port 5001
           .pos_trust:[100, 122]
           .pos:1
           .pos_mine:172.20.10.14 5001
source:172.20.10.14 5001
=============
hash:0000011617483b9c5e082974bdbaebe9ea30d4e76427a3e28e6f8103d14b5166
=============
